This file contains any messages produced by compilers while
running configure, to aid debugging if configure makes a mistake.

It was created by mfold configure 3.6, which was
generated by GNU Autoconf 2.69.  Invocation command line was

  $ ./configure 

## --------- ##
## Platform. ##
## --------- ##

hostname = emadi-bbb
uname -m = x86_64
uname -r = 5.11.0-38-generic
uname -s = Linux
uname -v = #42~20.04.1-Ubuntu SMP Tue Sep 28 20:41:07 UTC 2021

/usr/bin/uname -p = x86_64
/bin/uname -X     = unknown

/bin/arch              = x86_64
/usr/bin/arch -k       = unknown
/usr/convex/getsysinfo = unknown
/usr/bin/hostinfo      = unknown
/bin/machine           = unknown
/usr/bin/oslevel       = unknown
/bin/universe          = unknown

PATH: /home/emadi/.local/bin
PATH: /usr/local/sbin
PATH: /usr/local/bin
PATH: /usr/sbin
PATH: /usr/bin
PATH: /sbin
PATH: /bin
PATH: /usr/games
PATH: /usr/local/games
PATH: /snap/bin
PATH: /home/emadi/.local/bin
PATH: /home/emadi/.local/bin


## ----------- ##
## Core tests. ##
## ----------- ##

configure:2345: checking for a BSD-compatible install
configure:2413: result: /usr/bin/install -c
configure:2424: checking whether build environment is sane
configure:2479: result: yes
configure:2515: WARNING: 'missing' script is too old or missing
configure:2628: checking for a thread-safe mkdir -p
configure:2667: result: /usr/bin/mkdir -p
configure:2674: checking for gawk
configure:2704: result: no
configure:2674: checking for mawk
configure:2690: found /usr/bin/mawk
configure:2701: result: mawk
configure:2712: checking whether make sets $(MAKE)
configure:2734: result: yes
configure:2763: checking whether make supports nested variables
configure:2780: result: yes
configure:2911: checking build system type
configure:2925: result: x86_64-unknown-linux-gnu
configure:2951: checking for gawk
configure:2978: result: mawk
configure:3047: checking for g++
configure:3063: found /usr/bin/g++
configure:3074: result: g++
configure:3101: checking for C++ compiler version
configure:3110: g++ --version >&5
g++ (Ubuntu 9.3.0-17ubuntu1~20.04) 9.3.0
Copyright (C) 2019 Free Software Foundation, Inc.
This is free software; see the source for copying conditions.  There is NO
warranty; not even for MERCHANTABILITY or FITNESS FOR A PARTICULAR PURPOSE.

configure:3121: $? = 0
configure:3110: g++ -v >&5
Using built-in specs.
COLLECT_GCC=g++
COLLECT_LTO_WRAPPER=/usr/lib/gcc/x86_64-linux-gnu/9/lto-wrapper
OFFLOAD_TARGET_NAMES=nvptx-none:hsa
OFFLOAD_TARGET_DEFAULT=1
Target: x86_64-linux-gnu
Configured with: ../src/configure -v --with-pkgversion='Ubuntu 9.3.0-17ubuntu1~20.04' --with-bugurl=file:///usr/share/doc/gcc-9/README.Bugs --enable-languages=c,ada,c++,go,brig,d,fortran,objc,obj-c++,gm2 --prefix=/usr --with-gcc-major-version-only --program-suffix=-9 --program-prefix=x86_64-linux-gnu- --enable-shared --enable-linker-build-id --libexecdir=/usr/lib --without-included-gettext --enable-threads=posix --libdir=/usr/lib --enable-nls --enable-clocale=gnu --enable-libstdcxx-debug --enable-libstdcxx-time=yes --with-default-libstdcxx-abi=new --enable-gnu-unique-object --disable-vtable-verify --enable-plugin --enable-default-pie --with-system-zlib --with-target-system-zlib=auto --enable-objc-gc=auto --enable-multiarch --disable-werror --with-arch-32=i686 --with-abi=m64 --with-multilib-list=m32,m64,mx32 --enable-multilib --with-tune=generic --enable-offload-targets=nvptx-none=/build/gcc-9-HskZEa/gcc-9-9.3.0/debian/tmp-nvptx/usr,hsa --without-cuda-driver --enable-checking=release --build=x86_64-linux-gnu --host=x86_64-linux-gnu --target=x86_64-linux-gnu
Thread model: posix
gcc version 9.3.0 (Ubuntu 9.3.0-17ubuntu1~20.04) 
configure:3121: $? = 0
configure:3110: g++ -V >&5
g++: error: unrecognized command line option '-V'
g++: fatal error: no input files
compilation terminated.
configure:3121: $? = 1
configure:3110: g++ -qversion >&5
g++: error: unrecognized command line option '-qversion'; did you mean '--version'?
g++: fatal error: no input files
compilation terminated.
configure:3121: $? = 1
configure:3141: checking whether the C++ compiler works
configure:3163: g++    conftest.cpp  >&5
configure:3167: $? = 0
configure:3215: result: yes
configure:3218: checking for C++ compiler default output file name
configure:3220: result: a.out
configure:3226: checking for suffix of executables
configure:3233: g++ -o conftest    conftest.cpp  >&5
configure:3237: $? = 0
configure:3259: result: 
configure:3281: checking whether we are cross compiling
configure:3289: g++ -o conftest    conftest.cpp  >&5
configure:3293: $? = 0
configure:3300: ./conftest
configure:3304: $? = 0
configure:3292: result: no
configure:3297: checking for suffix of object files
configure:3319: g++ -c   conftest.cpp >&5
configure:3323: $? = 0
configure:3344: result: o
configure:3348: checking whether we are using the GNU C++ compiler
configure:3367: g++ -c   conftest.cpp >&5
configure:3367: $? = 0
configure:3376: result: yes
configure:3385: checking whether g++ accepts -g
configure:3405: g++ -c -g  conftest.cpp >&5
configure:3405: $? = 0
configure:3446: result: yes
configure:3472: checking whether make supports the include directive
configure:3487: make -f confmf.GNU && cat confinc.out
this is the am__doit target
configure:3490: $? = 0
configure:3509: result: yes (GNU style)
configure:3534: checking dependency style of g++
configure:3645: result: gcc3
configure:3708: checking for gcc
configure:3724: found /usr/bin/gcc
configure:3735: result: gcc
configure:3964: checking for C compiler version
configure:3973: gcc --version >&5
gcc (Ubuntu 9.3.0-17ubuntu1~20.04) 9.3.0
Copyright (C) 2019 Free Software Foundation, Inc.
This is free software; see the source for copying conditions.  There is NO
warranty; not even for MERCHANTABILITY or FITNESS FOR A PARTICULAR PURPOSE.

configure:3984: $? = 0
configure:3973: gcc -v >&5
Using built-in specs.
COLLECT_GCC=gcc
COLLECT_LTO_WRAPPER=/usr/lib/gcc/x86_64-linux-gnu/9/lto-wrapper
OFFLOAD_TARGET_NAMES=nvptx-none:hsa
OFFLOAD_TARGET_DEFAULT=1
Target: x86_64-linux-gnu
Configured with: ../src/configure -v --with-pkgversion='Ubuntu 9.3.0-17ubuntu1~20.04' --with-bugurl=file:///usr/share/doc/gcc-9/README.Bugs --enable-languages=c,ada,c++,go,brig,d,fortran,objc,obj-c++,gm2 --prefix=/usr --with-gcc-major-version-only --program-suffix=-9 --program-prefix=x86_64-linux-gnu- --enable-shared --enable-linker-build-id --libexecdir=/usr/lib --without-included-gettext --enable-threads=posix --libdir=/usr/lib --enable-nls --enable-clocale=gnu --enable-libstdcxx-debug --enable-libstdcxx-time=yes --with-default-libstdcxx-abi=new --enable-gnu-unique-object --disable-vtable-verify --enable-plugin --enable-default-pie --with-system-zlib --with-target-system-zlib=auto --enable-objc-gc=auto --enable-multiarch --disable-werror --with-arch-32=i686 --with-abi=m64 --with-multilib-list=m32,m64,mx32 --enable-multilib --with-tune=generic --enable-offload-targets=nvptx-none=/build/gcc-9-HskZEa/gcc-9-9.3.0/debian/tmp-nvptx/usr,hsa --without-cuda-driver --enable-checking=release --build=x86_64-linux-gnu --host=x86_64-linux-gnu --target=x86_64-linux-gnu
Thread model: posix
gcc version 9.3.0 (Ubuntu 9.3.0-17ubuntu1~20.04) 
configure:3984: $? = 0
configure:3973: gcc -V >&5
gcc: error: unrecognized command line option '-V'
gcc: fatal error: no input files
compilation terminated.
configure:3984: $? = 1
configure:3973: gcc -qversion >&5
gcc: error: unrecognized command line option '-qversion'; did you mean '--version'?
gcc: fatal error: no input files
compilation terminated.
configure:3984: $? = 1
configure:3988: checking whether we are using the GNU C compiler
configure:4007: gcc -c   conftest.c >&5
configure:4007: $? = 0
configure:4016: result: yes
configure:4025: checking whether gcc accepts -g
configure:4045: gcc -c -g  conftest.c >&5
configure:4045: $? = 0
configure:4086: result: yes
configure:4103: checking for gcc option to accept ISO C89
configure:4166: gcc  -c -g -O2  conftest.c >&5
configure:4166: $? = 0
configure:4179: result: none needed
configure:4204: checking whether gcc understands -c and -o together
configure:4226: gcc -c conftest.c -o conftest2.o
configure:4229: $? = 0
configure:4226: gcc -c conftest.c -o conftest2.o
configure:4229: $? = 0
configure:4241: result: yes
configure:4260: checking dependency style of gcc
configure:4371: result: gcc3
configure:4387: checking whether ln -s works
configure:4391: result: yes
configure:4451: checking for g77
configure:4481: result: no
configure:4451: checking for xlf
configure:4481: result: no
configure:4451: checking for f77
configure:4467: found /usr/bin/f77
configure:4478: result: f77
configure:4504: checking for Fortran 77 compiler version
configure:4513: f77 --version >&5
GNU Fortran (Ubuntu 9.3.0-17ubuntu1~20.04) 9.3.0
Copyright (C) 2019 Free Software Foundation, Inc.
This is free software; see the source for copying conditions.  There is NO
warranty; not even for MERCHANTABILITY or FITNESS FOR A PARTICULAR PURPOSE.

configure:4524: $? = 0
configure:4513: f77 -v >&5
Using built-in specs.
COLLECT_GCC=f77
COLLECT_LTO_WRAPPER=/usr/lib/gcc/x86_64-linux-gnu/9/lto-wrapper
OFFLOAD_TARGET_NAMES=nvptx-none:hsa
OFFLOAD_TARGET_DEFAULT=1
Target: x86_64-linux-gnu
Configured with: ../src/configure -v --with-pkgversion='Ubuntu 9.3.0-17ubuntu1~20.04' --with-bugurl=file:///usr/share/doc/gcc-9/README.Bugs --enable-languages=c,ada,c++,go,brig,d,fortran,objc,obj-c++,gm2 --prefix=/usr --with-gcc-major-version-only --program-suffix=-9 --program-prefix=x86_64-linux-gnu- --enable-shared --enable-linker-build-id --libexecdir=/usr/lib --without-included-gettext --enable-threads=posix --libdir=/usr/lib --enable-nls --enable-clocale=gnu --enable-libstdcxx-debug --enable-libstdcxx-time=yes --with-default-libstdcxx-abi=new --enable-gnu-unique-object --disable-vtable-verify --enable-plugin --enable-default-pie --with-system-zlib --with-target-system-zlib=auto --enable-objc-gc=auto --enable-multiarch --disable-werror --with-arch-32=i686 --with-abi=m64 --with-multilib-list=m32,m64,mx32 --enable-multilib --with-tune=generic --enable-offload-targets=nvptx-none=/build/gcc-9-HskZEa/gcc-9-9.3.0/debian/tmp-nvptx/usr,hsa --without-cuda-driver --enable-checking=release --build=x86_64-linux-gnu --host=x86_64-linux-gnu --target=x86_64-linux-gnu
Thread model: posix
gcc version 9.3.0 (Ubuntu 9.3.0-17ubuntu1~20.04) 
configure:4524: $? = 0
configure:4513: f77 -V >&5
f77: error: unrecognized command line option '-V'
f77: fatal error: no input files
compilation terminated.
configure:4524: $? = 1
configure:4513: f77 -qversion >&5
f77: error: unrecognized command line option '-qversion'; did you mean '--version'?
f77: fatal error: no input files
compilation terminated.
configure:4524: $? = 1
configure:4533: checking whether we are using the GNU Fortran 77 compiler
configure:4546: f77 -c  conftest.F >&5
configure:4546: $? = 0
configure:4555: result: yes
configure:4561: checking whether f77 accepts -g
configure:4572: f77 -c -g conftest.f >&5
configure:4572: $? = 0
configure:4580: result: yes
configure:4652: checking for ranlib
configure:4668: found /usr/bin/ranlib
configure:4679: result: ranlib
configure:4706: checking how to run the C preprocessor
configure:4737: gcc -E  conftest.c
configure:4737: $? = 0
configure:4751: gcc -E  conftest.c
conftest.c:11:10: fatal error: ac_nonexistent.h: No such file or directory
   11 | #include <ac_nonexistent.h>
      |          ^~~~~~~~~~~~~~~~~~
compilation terminated.
configure:4751: $? = 1
configure: failed program was:
| /* confdefs.h */
| #define PACKAGE_NAME "mfold"
| #define PACKAGE_TARNAME "mfold"
| #define PACKAGE_VERSION "3.6"
| #define PACKAGE_STRING "mfold 3.6"
| #define PACKAGE_BUGREPORT "zukerm@alum.mit.edu"
| #define PACKAGE_URL "www.unafold.org"
| #define PACKAGE "mfold"
| #define VERSION "3.6"
| /* end confdefs.h.  */
| #include <ac_nonexistent.h>
configure:4776: result: gcc -E
configure:4796: gcc -E  conftest.c
configure:4796: $? = 0
configure:4810: gcc -E  conftest.c
conftest.c:11:10: fatal error: ac_nonexistent.h: No such file or directory
   11 | #include <ac_nonexistent.h>
      |          ^~~~~~~~~~~~~~~~~~
compilation terminated.
configure:4810: $? = 1
configure: failed program was:
| /* confdefs.h */
| #define PACKAGE_NAME "mfold"
| #define PACKAGE_TARNAME "mfold"
| #define PACKAGE_VERSION "3.6"
| #define PACKAGE_STRING "mfold 3.6"
| #define PACKAGE_BUGREPORT "zukerm@alum.mit.edu"
| #define PACKAGE_URL "www.unafold.org"
| #define PACKAGE "mfold"
| #define VERSION "3.6"
| /* end confdefs.h.  */
| #include <ac_nonexistent.h>
configure:4842: checking for sqrt in -lm
configure:4867: gcc -o conftest -g -O2   conftest.c -lm   >&5
conftest.c:18:6: warning: conflicting types for built-in function 'sqrt'; expected 'double(double)' [-Wbuiltin-declaration-mismatch]
   18 | char sqrt ();
      |      ^~~~
conftest.c:1:1: note: 'sqrt' is declared in header '<math.h>'
    1 | /* confdefs.h */
configure:4867: $? = 0
configure:4876: result: yes
configure:4887: checking for gdImageCreate in -lgd
configure:4912: gcc -o conftest -g -O2   conftest.c -lgd  -lm  >&5
/usr/bin/ld: cannot find -lgd
collect2: error: ld returned 1 exit status
configure:4912: $? = 1
configure: failed program was:
| /* confdefs.h */
| #define PACKAGE_NAME "mfold"
| #define PACKAGE_TARNAME "mfold"
| #define PACKAGE_VERSION "3.6"
| #define PACKAGE_STRING "mfold 3.6"
| #define PACKAGE_BUGREPORT "zukerm@alum.mit.edu"
| #define PACKAGE_URL "www.unafold.org"
| #define PACKAGE "mfold"
| #define VERSION "3.6"
| #define HAVE_LIBM 1
| /* end confdefs.h.  */
| 
| /* Override any GCC internal prototype to avoid an error.
|    Use char because int might match the return type of a GCC
|    builtin and then its argument prototype would still apply.  */
| #ifdef __cplusplus
| extern "C"
| #endif
| char gdImageCreate ();
| int
| main ()
| {
| return gdImageCreate ();
|   ;
|   return 0;
| }
configure:4921: result: no
configure:4932: checking for jpeg_CreateCompress in -ljpeg
configure:4957: gcc -o conftest -g -O2   conftest.c -ljpeg  -lm  >&5
/usr/bin/ld: cannot find -ljpeg
collect2: error: ld returned 1 exit status
configure:4957: $? = 1
configure: failed program was:
| /* confdefs.h */
| #define PACKAGE_NAME "mfold"
| #define PACKAGE_TARNAME "mfold"
| #define PACKAGE_VERSION "3.6"
| #define PACKAGE_STRING "mfold 3.6"
| #define PACKAGE_BUGREPORT "zukerm@alum.mit.edu"
| #define PACKAGE_URL "www.unafold.org"
| #define PACKAGE "mfold"
| #define VERSION "3.6"
| #define HAVE_LIBM 1
| /* end confdefs.h.  */
| 
| /* Override any GCC internal prototype to avoid an error.
|    Use char because int might match the return type of a GCC
|    builtin and then its argument prototype would still apply.  */
| #ifdef __cplusplus
| extern "C"
| #endif
| char jpeg_CreateCompress ();
| int
| main ()
| {
| return jpeg_CreateCompress ();
|   ;
|   return 0;
| }
configure:4966: result: no
configure:4977: checking for png_init_io in -lpng
configure:5002: gcc -o conftest -g -O2   conftest.c -lpng  -lm  >&5
configure:5002: $? = 0
configure:5011: result: yes
configure:5025: checking for grep that handles long lines and -e
configure:5083: result: /usr/bin/grep
configure:5088: checking for egrep
configure:5150: result: /usr/bin/grep -E
configure:5155: checking for ANSI C header files
configure:5175: gcc -c -g -O2  conftest.c >&5
configure:5175: $? = 0
configure:5248: gcc -o conftest -g -O2   conftest.c -lpng -lm  >&5
configure:5248: $? = 0
configure:5248: ./conftest
configure:5248: $? = 0
configure:5259: result: yes
configure:5272: checking for sys/types.h
configure:5272: gcc -c -g -O2  conftest.c >&5
configure:5272: $? = 0
configure:5272: result: yes
configure:5272: checking for sys/stat.h
configure:5272: gcc -c -g -O2  conftest.c >&5
configure:5272: $? = 0
configure:5272: result: yes
configure:5272: checking for stdlib.h
configure:5272: gcc -c -g -O2  conftest.c >&5
configure:5272: $? = 0
configure:5272: result: yes
configure:5272: checking for string.h
configure:5272: gcc -c -g -O2  conftest.c >&5

## ---------------- ##
## Cache variables. ##
## ---------------- ##

ac_cv_build=x86_64-unknown-linux-gnu
ac_cv_c_compiler_gnu=yes
ac_cv_cxx_compiler_gnu=yes
ac_cv_env_CCC_set=
ac_cv_env_CCC_value=
ac_cv_env_CC_set=
ac_cv_env_CC_value=
ac_cv_env_CFLAGS_set=
ac_cv_env_CFLAGS_value=
ac_cv_env_CPPFLAGS_set=
ac_cv_env_CPPFLAGS_value=
ac_cv_env_CPP_set=
ac_cv_env_CPP_value=
ac_cv_env_CXXFLAGS_set=
ac_cv_env_CXXFLAGS_value=
ac_cv_env_CXX_set=
ac_cv_env_CXX_value=
ac_cv_env_F77_set=
ac_cv_env_F77_value=
ac_cv_env_FFLAGS_set=
ac_cv_env_FFLAGS_value=
ac_cv_env_LDFLAGS_set=
ac_cv_env_LDFLAGS_value=
ac_cv_env_LIBS_set=
ac_cv_env_LIBS_value=
ac_cv_env_build_alias_set=
ac_cv_env_build_alias_value=
ac_cv_env_host_alias_set=
ac_cv_env_host_alias_value=
ac_cv_env_target_alias_set=
ac_cv_env_target_alias_value=
ac_cv_f77_compiler_gnu=yes
ac_cv_header_stdc=yes
ac_cv_header_stdlib_h=yes
ac_cv_header_sys_stat_h=yes
ac_cv_header_sys_types_h=yes
ac_cv_lib_gd_gdImageCreate=no
ac_cv_lib_jpeg_jpeg_CreateCompress=no
ac_cv_lib_m_sqrt=yes
ac_cv_lib_png_png_init_io=yes
ac_cv_objext=o
ac_cv_path_EGREP='/usr/bin/grep -E'
ac_cv_path_GREP=/usr/bin/grep
ac_cv_path_install='/usr/bin/install -c'
ac_cv_path_mkdir=/usr/bin/mkdir
ac_cv_prog_AWK=mawk
ac_cv_prog_CPP='gcc -E'
ac_cv_prog_ac_ct_CC=gcc
ac_cv_prog_ac_ct_CXX=g++
ac_cv_prog_ac_ct_F77=f77
ac_cv_prog_ac_ct_RANLIB=ranlib
ac_cv_prog_cc_c89=
ac_cv_prog_cc_g=yes
ac_cv_prog_cxx_g=yes
ac_cv_prog_f77_g=yes
ac_cv_prog_make_make_set=yes
am_cv_CC_dependencies_compiler_type=gcc3
am_cv_CXX_dependencies_compiler_type=gcc3
am_cv_make_support_nested_variables=yes
am_cv_prog_cc_c_o=yes

## ----------------- ##
## Output variables. ##
## ----------------- ##

ACLOCAL='aclocal-1.16'
AMDEPBACKSLASH='\'
AMDEP_FALSE='#'
AMDEP_TRUE=''
AMTAR='$${TAR-tar}'
AM_BACKSLASH='\'
AM_DEFAULT_V='$(AM_DEFAULT_VERBOSITY)'
AM_DEFAULT_VERBOSITY='1'
AM_V='$(V)'
AUTOCONF='autoconf'
AUTOHEADER='autoheader'
AUTOMAKE='automake-1.16'
AWK='mawk'
CC='gcc'
CCDEPMODE='depmode=gcc3'
CFLAGS='-g -O2'
CPP='gcc -E'
CPPFLAGS=''
CXX='g++'
CXXDEPMODE='depmode=gcc3'
CXXFLAGS='-g -O2'
CYGPATH_W='echo'
DEFS=''
DEPDIR='.deps'
ECHO_C=''
ECHO_N='-n'
ECHO_T=''
EGREP='/usr/bin/grep -E'
EXEEXT=''
F77='f77'
FFLAGS='-g -O2'
GREP='/usr/bin/grep'
INSTALL_DATA='${INSTALL} -m 644'
INSTALL_PROGRAM='${INSTALL}'
INSTALL_SCRIPT='${INSTALL}'
INSTALL_STRIP_PROGRAM='$(install_sh) -c -s'
LDFLAGS=''
LIBOBJS=''
LIBS='-lpng -lm '
LN_S='ln -s'
LTLIBOBJS=''
MAKEINFO='makeinfo'
MKDIR_P='/usr/bin/mkdir -p'
OBJEXT='o'
PACKAGE='mfold'
PACKAGE_BUGREPORT='zukerm@alum.mit.edu'
PACKAGE_NAME='mfold'
PACKAGE_STRING='mfold 3.6'
PACKAGE_TARNAME='mfold'
PACKAGE_URL='www.unafold.org'
PACKAGE_VERSION='3.6'
PATH_SEPARATOR=':'
RANLIB='ranlib'
SET_MAKE=''
SHELL='/bin/bash'
STRIP=''
VERSION='3.6'
ac_ct_CC='gcc'
ac_ct_CXX='g++'
ac_ct_F77='f77'
am__EXEEXT_FALSE=''
am__EXEEXT_TRUE=''
am__fastdepCC_FALSE='#'
am__fastdepCC_TRUE=''
am__fastdepCXX_FALSE='#'
am__fastdepCXX_TRUE=''
am__include='include'
am__isrc=''
am__leading_dot='.'
am__nodep='_no'
am__quote=''
am__tar='$${TAR-tar} chof - "$$tardir"'
am__untar='$${TAR-tar} xf -'
bindir='${exec_prefix}/bin'
build='x86_64-unknown-linux-gnu'
build_alias=''
build_cpu='x86_64'
build_os='linux-gnu'
build_vendor='unknown'
datadir='${datarootdir}'
datarootdir='${prefix}/share'
docdir='${datarootdir}/doc/${PACKAGE_TARNAME}'
dvidir='${docdir}'
exec_prefix='NONE'
host_alias=''
htmldir='${docdir}'
includedir='${prefix}/include'
infodir='${datarootdir}/info'
install_sh='${SHELL} /home/jupyter/plant_microRNA_prediction/mfold-3.6/config/install-sh'
libdir='${exec_prefix}/lib'
libexecdir='${exec_prefix}/libexec'
localedir='${datarootdir}/locale'
localstatedir='${prefix}/var'
mandir='${datarootdir}/man'
mkdir_p='$(MKDIR_P)'
oldincludedir='/usr/include'
pdfdir='${docdir}'
prefix='NONE'
program_transform_name='s,x,x,'
psdir='${docdir}'
sbindir='${exec_prefix}/sbin'
sharedstatedir='${prefix}/com'
sysconfdir='${prefix}/etc'
target_alias=''

## ----------- ##
## confdefs.h. ##
## ----------- ##

/* confdefs.h */
#define PACKAGE_NAME "mfold"
#define PACKAGE_TARNAME "mfold"
#define PACKAGE_VERSION "3.6"
#define PACKAGE_STRING "mfold 3.6"
#define PACKAGE_BUGREPORT "zukerm@alum.mit.edu"
#define PACKAGE_URL "www.unafold.org"
#define PACKAGE "mfold"
#define VERSION "3.6"
#define HAVE_LIBM 1
#define HAVE_LIBPNG 1
#define STDC_HEADERS 1
#define HAVE_SYS_TYPES_H 1
#define HAVE_SYS_STAT_H 1
#define HAVE_STDLIB_H 1

configure: caught signal 2
configure: exit 1
